#
# A fatal error has been detected by the Java Runtime Environment:
#
#  EXCEPTION_ACCESS_VIOLATION (0xc0000005) at pc=0x0000000060824c8f, pid=5824, tid=6212
#
# JRE version: Java(TM) SE Runtime Environment (8.0_60-b27) (build 1.8.0_60-b27)
# Java VM: Java HotSpot(TM) 64-Bit Server VM (25.60-b23 mixed mode windows-amd64 compressed oops)
# Problematic frame:
# V  [jvm.dll+0x464c8f]
#
# Failed to write core dump. Minidumps are not enabled by default on client versions of Windows
#
# If you would like to submit a bug report, please visit:
#   http://bugreport.java.com/bugreport/crash.jsp
#

---------------  T H R E A D  ---------------

Current thread (0x000000001530a000):  JavaThread "C2 CompilerThread0" daemon [_thread_in_native, id=6212, stack(0x0000000016af0000,0x0000000016bf0000)]

siginfo: ExceptionCode=0xc0000005, reading address 0x0000000068a1ce98

Registers:
RAX=0x0000000068a1ce08, RBX=0x0000000000000000, RCX=0x0000000018a54fa8, RDX=0x0000000000000d8b
RSP=0x0000000016bec2a0, RBP=0x00000000000f423f, RSI=0x000000001871a7a0, RDI=0x0000000000000000
R8 =0x0000000000000d5e, R9 =0x0000000018a91690, R10=0x0000000018a91690, R11=0x0000000000000004
R12=0x0000000016bec480, R13=0x0000000018a54fa8, R14=0x0000000000000000, R15=0x000000001871a7b0
RIP=0x0000000060824c8f, EFLAGS=0x0000000000010202

Top of Stack: (sp=0x0000000016bec2a0)
0x0000000016bec2a0:   00000000179de050 0000000000000005
0x0000000016bec2b0:   000000001871a7b0 000000001928fdb8
0x0000000016bec2c0:   0000000000000cdb 0000000016bec2e0
0x0000000016bec2d0:   000000001871a7a0 0000000000000736
0x0000000016bec2e0:   0000000000000018 00000000000013b7
0x0000000016bec2f0:   0000000000000000 000000001871a7b0
0x0000000016bec300:   0000000000000002 0000000000000736
0x0000000016bec310:   0000000000000000 0000000000000000
0x0000000016bec320:   00000000000003d8 0000000017034b18
0x0000000016bec330:   0000000017034740 0000000000000000
0x0000000016bec340:   0000000016bec6d0 0000000017034730
0x0000000016bec350:   0000000016bec460 0000000060822296
0x0000000016bec360:   0000000016bec480 0000000016bec7e0
0x0000000016bec370:   000000000000000f 00000000000f423f
0x0000000016bec380:   0000000000000002 0000000017034730
0x0000000016bec390:   0000000018d50b30 0000000018d58460 

Instructions: (pc=0x0000000060824c8f)
0x0000000060824c6f:   49 8b 4c 24 18 48 8b d6 48 8b 49 48 e8 90 78 fe
0x0000000060824c7f:   ff 84 c0 0f 84 fc fb ff ff 49 8b 45 00 49 8b cd
0x0000000060824c8f:   ff 90 90 00 00 00 48 8b d8 48 89 44 24 50 48 85
0x0000000060824c9f:   c0 74 16 48 8b c8 e8 c6 1e ff ff 48 8b cb 8b e8 


Register to memory mapping:

RAX=0x0000000068a1ce08 is an unknown value
RBX=0x0000000000000000 is an unknown value
RCX=0x0000000018a54fa8 is an unknown value
RDX=0x0000000000000d8b is an unknown value
RSP=0x0000000016bec2a0 is pointing into the stack for thread: 0x000000001530a000
RBP=0x00000000000f423f is an unknown value
RSI=0x000000001871a7a0 is an unknown value
RDI=0x0000000000000000 is an unknown value
R8 =0x0000000000000d5e is an unknown value
R9 =0x0000000018a91690 is an unknown value
R10=0x0000000018a91690 is an unknown value
R11=0x0000000000000004 is an unknown value
R12=0x0000000016bec480 is pointing into the stack for thread: 0x000000001530a000
R13=0x0000000018a54fa8 is an unknown value
R14=0x0000000000000000 is an unknown value
R15=0x000000001871a7b0 is an unknown value


Stack: [0x0000000016af0000,0x0000000016bf0000],  sp=0x0000000016bec2a0,  free space=1008k
Native frames: (J=compiled Java code, j=interpreted, Vv=VM code, C=native code)
V  [jvm.dll+0x464c8f]
V  [jvm.dll+0x462296]
V  [jvm.dll+0x46d51b]
V  [jvm.dll+0x46fb32]
V  [jvm.dll+0x452cb2]
V  [jvm.dll+0xa4662]
V  [jvm.dll+0xa4f9f]
V  [jvm.dll+0x243134]
V  [jvm.dll+0x299f6a]
C  [msvcr100.dll+0x21d9f]
C  [msvcr100.dll+0x21e3b]
C  [KERNEL32.DLL+0x13d2]
C  [ntdll.dll+0x703c4]


Current CompileTask:
C2:   4919 1635   !   4       com.android.dx.cf.cst.ConstantPoolParser::parse0 (731 bytes)


---------------  P R O C E S S  ---------------

Java Threads: ( => current thread )
  0x000000001708e800 JavaThread "pool-1-thread-4" [_thread_in_Java, id=3128, stack(0x00000000177f0000,0x00000000178f0000)]
  0x00000000170dc000 JavaThread "pool-1-thread-3" [_thread_in_Java, id=9076, stack(0x00000000176f0000,0x00000000177f0000)]
  0x00000000170db800 JavaThread "pool-1-thread-2" [_thread_in_Java, id=6788, stack(0x00000000175f0000,0x00000000176f0000)]
  0x00000000170bc800 JavaThread "pool-2-thread-1" [_thread_blocked, id=1860, stack(0x00000000174f0000,0x00000000175f0000)]
  0x00000000170bc000 JavaThread "pool-1-thread-1" [_thread_in_Java, id=7104, stack(0x00000000173f0000,0x00000000174f0000)]
  0x0000000016df5000 JavaThread "Service Thread" daemon [_thread_blocked, id=7228, stack(0x00000000171f0000,0x00000000172f0000)]
  0x000000001536e000 JavaThread "C1 CompilerThread2" daemon [_thread_blocked, id=4576, stack(0x0000000016cf0000,0x0000000016df0000)]
  0x0000000015367800 JavaThread "C2 CompilerThread1" daemon [_thread_in_native, id=1068, stack(0x0000000016bf0000,0x0000000016cf0000)]
=>0x000000001530a000 JavaThread "C2 CompilerThread0" daemon [_thread_in_native, id=6212, stack(0x0000000016af0000,0x0000000016bf0000)]
  0x0000000015317800 JavaThread "Attach Listener" daemon [_thread_blocked, id=3512, stack(0x00000000169f0000,0x0000000016af0000)]
  0x0000000015316000 JavaThread "Signal Dispatcher" daemon [_thread_blocked, id=7756, stack(0x00000000168f0000,0x00000000169f0000)]
  0x0000000002c37000 JavaThread "Finalizer" daemon [_thread_blocked, id=6952, stack(0x0000000016570000,0x0000000016670000)]
  0x0000000002c2e000 JavaThread "Reference Handler" daemon [_thread_blocked, id=5596, stack(0x0000000016470000,0x0000000016570000)]
  0x0000000002b40800 JavaThread "main" [_thread_in_Java, id=8848, stack(0x00000000029e0000,0x0000000002ae0000)]

Other Threads:
  0x00000000152d9000 VMThread [stack: 0x0000000016370000,0x0000000016470000] [id=5180]
  0x0000000016df9000 WatcherThread [stack: 0x00000000172f0000,0x00000000173f0000] [id=7356]

VM state:not at safepoint (normal execution)

VM Mutex/Monitor currently owned by a thread: None

Heap:
 PSYoungGen      total 53248K, used 53035K [0x00000000eab00000, 0x00000000ee300000, 0x0000000100000000)
  eden space 49152K, 99% used [0x00000000eab00000,0x00000000edad10d0,0x00000000edb00000)
  from space 4096K, 99% used [0x00000000edf00000,0x00000000ee2f9c68,0x00000000ee300000)
  to   space 4096K, 0% used [0x00000000edb00000,0x00000000edb00000,0x00000000edf00000)
 ParOldGen       total 65536K, used 3431K [0x00000000c0000000, 0x00000000c4000000, 0x00000000eab00000)
  object space 65536K, 5% used [0x00000000c0000000,0x00000000c0359e18,0x00000000c4000000)
 Metaspace       used 6279K, capacity 7128K, committed 7424K, reserved 1056768K
  class space    used 620K, capacity 656K, committed 768K, reserved 1048576K

Card table byte_map: [0x0000000012000000,0x0000000012210000] byte_map_base: 0x0000000011a00000

Marking Bits: (ParMarkBitMap*) 0x0000000060bca5b0
 Begin Bits: [0x0000000012770000, 0x0000000013770000)
 End Bits:   [0x0000000013770000, 0x0000000014770000)

Polling page: 0x0000000001180000

CodeCache: size=245760Kb used=6728Kb max_used=6740Kb free=239031Kb
 bounds [0x0000000002c40000, 0x00000000032e0000, 0x0000000011c40000]
 total_blobs=1885 nmethods=1616 adapters=182
 compilation: enabled

Compilation events (10 events):
Event: 4.881 Thread 0x000000001536e000 1667  s    2       com.android.dx.dex.file.StringIdsSection::intern (53 bytes)
Event: 4.881 Thread 0x000000001536e000 nmethod 1667 0x00000000032bf310 code [0x00000000032bf4c0, 0x00000000032bfa18]
Event: 4.882 Thread 0x000000001536e000 1669       1       com.android.dx.cf.direct.DirectClassFile$DcfTypeList::size (5 bytes)
Event: 4.883 Thread 0x000000001536e000 nmethod 1669 0x00000000032b4e90 code [0x00000000032b4fe0, 0x00000000032b50f0]
Event: 4.883 Thread 0x000000001536e000 1670       2       com.android.dx.cf.direct.MemberListParser::getCount (17 bytes)
Event: 4.883 Thread 0x0000000015367800 nmethod 1653 0x00000000032d5790 code [0x00000000032d5920, 0x00000000032d5e68]
Event: 4.883 Thread 0x0000000015367800 1666       4       java.util.HashMap::get (23 bytes)
Event: 4.883 Thread 0x000000001536e000 nmethod 1670 0x00000000032bed90 code [0x00000000032bef00, 0x00000000032bf128]
Event: 4.883 Thread 0x000000001536e000 1671       2       com.android.dx.cf.direct.MemberListParser::parseIfNecessary (12 bytes)
Event: 4.884 Thread 0x000000001536e000 nmethod 1671 0x00000000032bd210 code [0x00000000032bd380, 0x00000000032bd508]

GC Heap History (4 events):
Event: 1.893 GC heap before
{Heap before GC invocations=1 (full 0):
 PSYoungGen      total 28672K, used 24576K [0x00000000eab00000, 0x00000000ecb00000, 0x0000000100000000)
  eden space 24576K, 100% used [0x00000000eab00000,0x00000000ec300000,0x00000000ec300000)
  from space 4096K, 0% used [0x00000000ec700000,0x00000000ec700000,0x00000000ecb00000)
  to   space 4096K, 0% used [0x00000000ec300000,0x00000000ec300000,0x00000000ec700000)
 ParOldGen       total 65536K, used 0K [0x00000000c0000000, 0x00000000c4000000, 0x00000000eab00000)
  object space 65536K, 0% used [0x00000000c0000000,0x00000000c0000000,0x00000000c4000000)
 Metaspace       used 5854K, capacity 6832K, committed 7040K, reserved 1056768K
  class space    used 599K, capacity 616K, committed 640K, reserved 1048576K
Event: 2.074 GC heap after
Heap after GC invocations=1 (full 0):
 PSYoungGen      total 28672K, used 4074K [0x00000000eab00000, 0x00000000ee300000, 0x0000000100000000)
  eden space 24576K, 0% used [0x00000000eab00000,0x00000000eab00000,0x00000000ec300000)
  from space 4096K, 99% used [0x00000000ec300000,0x00000000ec6faac8,0x00000000ec700000)
  to   space 4096K, 0% used [0x00000000edf00000,0x00000000edf00000,0x00000000ee300000)
 ParOldGen       total 65536K, used 1010K [0x00000000c0000000, 0x00000000c4000000, 0x00000000eab00000)
  object space 65536K, 1% used [0x00000000c0000000,0x00000000c00fc8a8,0x00000000c4000000)
 Metaspace       used 5854K, capacity 6832K, committed 7040K, reserved 1056768K
  class space    used 599K, capacity 616K, committed 640K, reserved 1048576K
}
Event: 3.127 GC heap before
{Heap before GC invocations=2 (full 0):
 PSYoungGen      total 28672K, used 28650K [0x00000000eab00000, 0x00000000ee300000, 0x0000000100000000)
  eden space 24576K, 100% used [0x00000000eab00000,0x00000000ec300000,0x00000000ec300000)
  from space 4096K, 99% used [0x00000000ec300000,0x00000000ec6faac8,0x00000000ec700000)
  to   space 4096K, 0% used [0x00000000edf00000,0x00000000edf00000,0x00000000ee300000)
 ParOldGen       total 65536K, used 1010K [0x00000000c0000000, 0x00000000c4000000, 0x00000000eab00000)
  object space 65536K, 1% used [0x00000000c0000000,0x00000000c00fc8a8,0x00000000c4000000)
 Metaspace       used 6023K, capacity 6960K, committed 7040K, reserved 1056768K
  class space    used 599K, capacity 616K, committed 640K, reserved 1048576K
Event: 3.262 GC heap after
Heap after GC invocations=2 (full 0):
 PSYoungGen      total 53248K, used 4071K [0x00000000eab00000, 0x00000000ee300000, 0x0000000100000000)
  eden space 49152K, 0% used [0x00000000eab00000,0x00000000eab00000,0x00000000edb00000)
  from space 4096K, 99% used [0x00000000edf00000,0x00000000ee2f9c68,0x00000000ee300000)
  to   space 4096K, 0% used [0x00000000edb00000,0x00000000edb00000,0x00000000edf00000)
 ParOldGen       total 65536K, used 3431K [0x00000000c0000000, 0x00000000c4000000, 0x00000000eab00000)
  object space 65536K, 5% used [0x00000000c0000000,0x00000000c0359e18,0x00000000c4000000)
 Metaspace       used 6023K, capacity 6960K, committed 7040K, reserved 1056768K
  class space    used 599K, capacity 616K, committed 640K, reserved 1048576K
}

Deoptimization events (10 events):
Event: 3.430 Thread 0x00000000170db800 Uncommon trap: reason=bimorphic action=maybe_recompile pc=0x0000000003151058 method=com.android.dx.cf.code.BytecodeArray.parseInstruction(ILcom/android/dx/cf/code/BytecodeArray$Visitor;)I @ 1161
Event: 3.430 Thread 0x00000000170db800 Uncommon trap: reason=bimorphic action=maybe_recompile pc=0x0000000003151058 method=com.android.dx.cf.code.BytecodeArray.parseInstruction(ILcom/android/dx/cf/code/BytecodeArray$Visitor;)I @ 1161
Event: 3.430 Thread 0x00000000170db800 Uncommon trap: reason=bimorphic action=maybe_recompile pc=0x0000000003151058 method=com.android.dx.cf.code.BytecodeArray.parseInstruction(ILcom/android/dx/cf/code/BytecodeArray$Visitor;)I @ 1161
Event: 3.584 Thread 0x0000000002b40800 Uncommon trap: reason=unstable_if action=reinterpret pc=0x0000000002f5a0e4 method=java.util.HashMap.putVal(ILjava/lang/Object;Ljava/lang/Object;ZZ)Ljava/lang/Object; @ 162
Event: 3.665 Thread 0x000000001708e800 Uncommon trap: reason=unstable_if action=reinterpret pc=0x0000000002eec110 method=java.util.HashMap.getNode(ILjava/lang/Object;)Ljava/util/HashMap$Node; @ 84
Event: 4.226 Thread 0x000000001708e800 Uncommon trap: reason=unstable_if action=reinterpret pc=0x0000000003161a50 method=com.android.dx.ssa.SCCP.simulateBranch(Lcom/android/dx/ssa/SsaInsn;)V @ 548
Event: 4.235 Thread 0x00000000170dc000 Uncommon trap: reason=unstable_if action=reinterpret pc=0x000000000328645c method=com.android.dx.ssa.LocalVariableExtractor.processBlock(I)V @ 251
Event: 4.406 Thread 0x00000000170db800 Uncommon trap: reason=unstable_if action=reinterpret pc=0x00000000030156d8 method=com.android.dx.dex.code.OutputFinisher.hasLocalInfo(Lcom/android/dx/dex/code/DalvInsn;)Z @ 24
Event: 4.879 Thread 0x000000001708e800 Uncommon trap: reason=bimorphic action=maybe_recompile pc=0x0000000002ec9f84 method=java.util.HashMap.getNode(ILjava/lang/Object;)Ljava/util/HashMap$Node; @ 126
Event: 4.879 Thread 0x000000001708e800 Uncommon trap: reason=bimorphic action=maybe_recompile pc=0x0000000002ec9f84 method=java.util.HashMap.getNode(ILjava/lang/Object;)Ljava/util/HashMap$Node; @ 126

Internal exceptions (7 events):
Event: 0.350 Thread 0x0000000002b40800 Exception <a 'java/lang/NoSuchMethodError': Method sun.misc.Unsafe.defineClass(Ljava/lang/String;[BII)Ljava/lang/Class; name or signature does not match> (0x00000000eab13018) thrown at [C:\re\workspace\8-2-build-windows-amd64-cygwin\jdk8u60\4407\hotspot\srò¼©£kÖ?
Event: 0.350 Thread 0x0000000002b40800 Exception <a 'java/lang/NoSuchMethodError': Method sun.misc.Unsafe.prefetchRead(Ljava/lang/Object;J)V name or signature does not match> (0x00000000eab13300) thrown at [C:\re\workspace\8-2-build-windows-amd64-cygwin\jdk8u60\4407\hotspot\src\share\vm\prims\j[Ó®k9Ã
Event: 2.095 Thread 0x000000001708e800 Implicit null exception at 0x0000000002f24d0e to 0x0000000002f26b09
Event: 3.413 Thread 0x00000000170dc000 Implicit null exception at 0x0000000002f1fe22 to 0x0000000002f1ff12
Event: 3.586 Thread 0x0000000002b40800 Exception <a 'java/lang/ArrayIndexOutOfBoundsException': 18> (0x00000000ec243eb0) thrown at [C:\re\workspace\8-2-build-windows-amd64-cygwin\jdk8u60\4407\hotspot\src\share\vm\interpreter\interpreterRuntime.cpp, line 366]
Event: 3.587 Thread 0x0000000002b40800 Exception <a 'java/lang/ArrayIndexOutOfBoundsException'> (0x00000000ec245a30) thrown at [C:\re\workspace\8-2-build-windows-amd64-cygwin\jdk8u60\4407\hotspot\src\share\vm\runtime\sharedRuntime.cpp, line 605]
Event: 3.588 Thread 0x0000000002b40800 Exception <a 'java/lang/ArrayIndexOutOfBoundsException'> (0x00000000ec246d18) thrown at [C:\re\workspace\8-2-build-windows-amd64-cygwin\jdk8u60\4407\hotspot\src\share\vm\runtime\sharedRuntime.cpp, line 605]

Events (10 events):
Event: 4.406 Thread 0x00000000170db800 DEOPT PACKING pc=0x00000000030156d8 sp=0x00000000176ee8f0
Event: 4.406 Thread 0x00000000170db800 DEOPT UNPACKING pc=0x0000000002c8582a sp=0x00000000176ee808 mode 2
Event: 4.799 Executing VM operation: EnableBiasedLocking
Event: 4.856 Executing VM operation: EnableBiasedLocking done
Event: 4.879 Thread 0x000000001708e800 Uncommon trap: trap_request=0xffffffc6 fr.pc=0x0000000002ec9f84
Event: 4.879 Thread 0x000000001708e800 DEOPT PACKING pc=0x0000000002ec9f84 sp=0x00000000178eeb90
Event: 4.879 Thread 0x000000001708e800 DEOPT UNPACKING pc=0x0000000002c8582a sp=0x00000000178eeaa8 mode 2
Event: 4.879 Thread 0x000000001708e800 Uncommon trap: trap_request=0xffffffc6 fr.pc=0x0000000002ec9f84
Event: 4.879 Thread 0x000000001708e800 DEOPT PACKING pc=0x0000000002ec9f84 sp=0x00000000178eeb90
Event: 4.879 Thread 0x000000001708e800 DEOPT UNPACKING pc=0x0000000002c8582a sp=0x00000000178eeaa8 mode 2


Dynamic libraries:
0x00007ff7263e0000 - 0x00007ff726417000 	C:\Program Files\Java\jdk1.8.0_60\bin\java.exe
0x00007ffcb80a0000 - 0x00007ffcb824c000 	C:\Windows\SYSTEM32\ntdll.dll
0x00007ffcb7670000 - 0x00007ffcb77ae000 	C:\Windows\system32\KERNEL32.DLL
0x00007ffcb5320000 - 0x00007ffcb5435000 	C:\Windows\system32\KERNELBASE.dll
0x00007ffcb3d70000 - 0x00007ffcb3dfe000 	C:\Windows\system32\apphelp.dll
0x00007ffcaa750000 - 0x00007ffcaa7a3000 	C:\Windows\AppPatch\AppPatch64\AcGenral.DLL
0x00007ffcb7d20000 - 0x00007ffcb7dca000 	C:\Windows\system32\msvcrt.dll
0x00007ffcb5090000 - 0x00007ffcb50be000 	C:\Windows\SYSTEM32\SspiCli.dll
0x00007ffcb7570000 - 0x00007ffcb75c4000 	C:\Windows\system32\SHLWAPI.dll
0x00007ffcb7ba0000 - 0x00007ffcb7d17000 	C:\Windows\system32\USER32.dll
0x00007ffcb73d0000 - 0x00007ffcb7564000 	C:\Windows\system32\ole32.dll
0x00007ffcb5880000 - 0x00007ffcb6d98000 	C:\Windows\system32\SHELL32.dll
0x00007ffcb4990000 - 0x00007ffcb49b1000 	C:\Windows\SYSTEM32\USERENV.dll
0x00007ffcb77b0000 - 0x00007ffcb785a000 	C:\Windows\system32\ADVAPI32.dll
0x00007ffca3ba0000 - 0x00007ffca3bbe000 	C:\Windows\SYSTEM32\MPR.dll
0x00007ffcb5720000 - 0x00007ffcb5861000 	C:\Windows\system32\RPCRT4.dll
0x00007ffcb7dd0000 - 0x00007ffcb7e29000 	C:\Windows\SYSTEM32\sechost.dll
0x00007ffcb78c0000 - 0x00007ffcb7ad1000 	C:\Windows\SYSTEM32\combase.dll
0x00007ffcb6ff0000 - 0x00007ffcb7141000 	C:\Windows\system32\GDI32.dll
0x00007ffcb51f0000 - 0x00007ffcb5205000 	C:\Windows\SYSTEM32\profapi.dll
0x00007ffcb3cb0000 - 0x00007ffcb3d62000 	C:\Windows\SYSTEM32\SHCORE.dll
0x00007ffcb7630000 - 0x00007ffcb7666000 	C:\Windows\system32\IMM32.DLL
0x00007ffcb7e50000 - 0x00007ffcb7fa3000 	C:\Windows\system32\MSCTF.dll
0x00007ffcb2ec0000 - 0x00007ffcb313b000 	C:\Windows\WinSxS\amd64_microsoft.windows.common-controls_6595b64144ccf1df_6.0.9600.17415_none_6240486fecbd8abb\COMCTL32.dll
0x00000000601a0000 - 0x0000000060272000 	C:\Program Files\Java\jdk1.8.0_60\jre\bin\msvcr100.dll
0x00000000603c0000 - 0x0000000060c49000 	C:\Program Files\Java\jdk1.8.0_60\jre\bin\server\jvm.dll
0x00007ffcac5f0000 - 0x00007ffcac5f9000 	C:\Windows\SYSTEM32\WSOCK32.dll
0x00007ffcb1900000 - 0x00007ffcb1922000 	C:\Windows\SYSTEM32\WINMM.dll
0x00007ffcb19e0000 - 0x00007ffcb19ea000 	C:\Windows\SYSTEM32\VERSION.dll
0x00007ffcb7e40000 - 0x00007ffcb7e47000 	C:\Windows\system32\PSAPI.DLL
0x00007ffcb7860000 - 0x00007ffcb78ba000 	C:\Windows\system32\WS2_32.dll
0x00007ffcb1880000 - 0x00007ffcb18aa000 	C:\Windows\SYSTEM32\WINMMBASE.dll
0x00007ffcb7e30000 - 0x00007ffcb7e39000 	C:\Windows\system32\NSI.dll
0x00007ffcb5620000 - 0x00007ffcb566f000 	C:\Windows\SYSTEM32\cfgmgr32.dll
0x00007ffcb4010000 - 0x00007ffcb4038000 	C:\Windows\SYSTEM32\DEVOBJ.dll
0x0000000061160000 - 0x000000006116f000 	C:\Program Files\Java\jdk1.8.0_60\jre\bin\verify.dll
0x0000000061130000 - 0x0000000061159000 	C:\Program Files\Java\jdk1.8.0_60\jre\bin\java.dll
0x0000000061110000 - 0x0000000061126000 	C:\Program Files\Java\jdk1.8.0_60\jre\bin\zip.dll
0x00007ffc9db20000 - 0x00007ffc9dcaa000 	C:\Windows\SYSTEM32\dbghelp.dll

VM Arguments:
jvm_args: -Djava.awt.headless=true -Xmx1024M -Dfile.encoding=windows-1250 -Duser.country=HU -Duser.language=hu -Duser.variant 
java_command: com.android.dx.command.Main --dex --num-threads=4 --output C:\Users\Smash\AndroidStudioProjects\QR_code_reader_gyorffyl\app\build\intermediates\pre-dexed\debug\core-3.2.1_dc73534b6e169780d4cd7a3fec36e31c0f07c522.jar C:\Users\Smash\.gradle\caches\modules-2\files-2.1\com.google.zxing\core\3.2.1\2287494d4f5f9f3a9a2bb6980e3f32053721b315\core-3.2.1.jar
java_class_path (initial): C:\Users\Smash\Android\sdk\build-tools\23.0.2\lib\dx.jar
Launcher Type: SUN_STANDARD

Environment Variables:
JAVA_HOME=C:\Program Files\Java\jdk1.8.0_60
PATH=C:\ProgramData\Oracle\Java\javapath;C:\Windows\system32;C:\Windows;C:\Windows\System32\Wbem;C:\Windows\System32\WindowsPowerShell\v1.0\;C:\Program Files (x86)\NVIDIA Corporation\PhysX\Common;C:\Program Files\OpenVPN\bin;C:\Program Files (x86)\Microchip\MPLAB C32 Suite\bin
USERNAME=Smash
OS=Windows_NT
PROCESSOR_IDENTIFIER=Intel64 Family 6 Model 58 Stepping 9, GenuineIntel



---------------  S Y S T E M  ---------------

OS: Windows 8.1 , 64 bit Build 9600 (6.3.9600.17415)

CPU:total 4 (2 cores per cpu, 2 threads per core) family 6 model 58 stepping 9, cmov, cx8, fxsr, mmx, sse, sse2, sse3, ssse3, sse4.1, sse4.2, popcnt, avx, aes, clmul, erms, ht, tsc, tscinvbit, tscinv

Memory: 4k page, physical 6240620k(1935200k free), swap 12532076k(6145660k free)

vm_info: Java HotSpot(TM) 64-Bit Server VM (25.60-b23) for windows-amd64 JRE (1.8.0_60-b27), built on Aug  4 2015 11:06:27 by "java_re" with MS VC++ 10.0 (VS2010)

time: Sun May 08 17:14:35 2016
elapsed time: 4 seconds (0d 0h 0m 4s)

